生成启动时间为 2024/10/18 20:58:48。
     1>项目“F:\VC2010.program\Leetcode的git仓库\Leetcode\Leetcode exercise 3\Leetcode exercise 3\Leetcode exercise 3.vcxproj”在节点 2 上(build 个目标)。
     1>InitializeBuildStatus:
         正在创建“Debug\Leetcode exercise 3.unsuccessfulbuild”，因为已指定“AlwaysCreate”。
       ClCompile:
         C:\Program Files (x86)\Microsoft Visual Studio 10.0\VC\bin\CL.exe /c /ZI /nologo /W3 /WX- /Od /Oy- /D WIN32 /D _DEBUG /D _CONSOLE /D _UNICODE /D UNICODE /Gm /EHsc /RTC1 /MDd /GS /fp:precise /Zc:wchar_t /Zc:forScope /Fo"Debug\\" /Fd"Debug\vc100.pdb" /Gd /TC /analyze- /errorReport:prompt main.c
         main.c
       ManifestResourceCompile:
         C:\Program Files (x86)\Microsoft SDKs\Windows\v7.0A\bin\rc.exe /nologo /fo"Debug\Leetcode exercise 3.exe.embed.manifest.res" "Debug\Leetcode exercise 3_manifest.rc" 
       Link:
         C:\Program Files (x86)\Microsoft Visual Studio 10.0\VC\bin\link.exe /ERRORREPORT:PROMPT /OUT:"F:\VC2010.program\Leetcode的git仓库\Leetcode\Leetcode exercise 3\Debug\Leetcode exercise 3.exe" /INCREMENTAL /NOLOGO kernel32.lib user32.lib gdi32.lib winspool.lib comdlg32.lib advapi32.lib shell32.lib ole32.lib oleaut32.lib uuid.lib odbc32.lib odbccp32.lib /MANIFEST /ManifestFile:"Debug\Leetcode exercise 3.exe.intermediate.manifest" /MANIFESTUAC:"level='asInvoker' uiAccess='false'" /DEBUG /PDB:"F:\VC2010.program\Leetcode的git仓库\Leetcode\Leetcode exercise 3\Debug\Leetcode exercise 3.pdb" /SUBSYSTEM:CONSOLE /TLBID:1 /DYNAMICBASE /NXCOMPAT /IMPLIB:"F:\VC2010.program\Leetcode的git仓库\Leetcode\Leetcode exercise 3\Debug\Leetcode exercise 3.lib" /MACHINE:X86 "Debug\Leetcode exercise 3.exe.embed.manifest.res"
         Debug\main.obj
       Manifest:
         C:\Program Files (x86)\Microsoft SDKs\Windows\v7.0A\bin\mt.exe /nologo /verbose /out:"Debug\Leetcode exercise 3.exe.embed.manifest" /manifest "Debug\Leetcode exercise 3.exe.intermediate.manifest"
         所有输出均为最新。
       LinkEmbedManifest:
         所有输出均为最新。
         Leetcode exercise 3.vcxproj -> F:\VC2010.program\Leetcode的git仓库\Leetcode\Leetcode exercise 3\Debug\Leetcode exercise 3.exe
       FinalizeBuildStatus:
         正在删除文件“Debug\Leetcode exercise 3.unsuccessfulbuild”。
         正在对“Debug\Leetcode exercise 3.lastbuildstate”执行 Touch 任务。
     1>已完成生成项目“F:\VC2010.program\Leetcode的git仓库\Leetcode\Leetcode exercise 3\Leetcode exercise 3\Leetcode exercise 3.vcxproj”(build 个目标)的操作。

生成成功。

已用时间 00:00:03.03
