生成启动时间为 2024/10/16 22:35:19。
     1>项目“F:\VC2010.program\Leetcode的git仓库\Leetcode\Leetcode exercise 2\Leetcode exercise 2\Leetcode exercise 2.vcxproj”在节点 2 上(build 个目标)。
     1>InitializeBuildStatus:
         正在创建“Debug\Leetcode exercise 2.unsuccessfulbuild”，因为已指定“AlwaysCreate”。
       ClCompile:
         C:\Program Files (x86)\Microsoft Visual Studio 10.0\VC\bin\CL.exe /c /ZI /nologo /W3 /WX- /Od /Oy- /D WIN32 /D _DEBUG /D _CONSOLE /D _UNICODE /D UNICODE /Gm /EHsc /RTC1 /MDd /GS /fp:precise /Zc:wchar_t /Zc:forScope /Fo"Debug\\" /Fd"Debug\vc100.pdb" /Gd /TC /analyze- /errorReport:prompt main.c
         main.c
     1>f:\vc2010.program\leetcode的git仓库\leetcode\leetcode exercise 2\leetcode exercise 2\main.c(29): warning C4996: 'scanf': This function or variable may be unsafe. Consider using scanf_s instead. To disable deprecation, use _CRT_SECURE_NO_WARNINGS. See online help for details.
                 c:\program files (x86)\microsoft visual studio 10.0\vc\include\stdio.h(304) : 参见“scanf”的声明
     1>f:\vc2010.program\leetcode的git仓库\leetcode\leetcode exercise 2\leetcode exercise 2\main.c(30): warning C4020: “input”: 实参太多
     1>f:\vc2010.program\leetcode的git仓库\leetcode\leetcode exercise 2\leetcode exercise 2\main.c(37): warning C4029: 声明的形参表不同于定义
     1>f:\vc2010.program\leetcode的git仓库\leetcode\leetcode exercise 2\leetcode exercise 2\main.c(42): warning C4996: 'scanf': This function or variable may be unsafe. Consider using scanf_s instead. To disable deprecation, use _CRT_SECURE_NO_WARNINGS. See online help for details.
                 c:\program files (x86)\microsoft visual studio 10.0\vc\include\stdio.h(304) : 参见“scanf”的声明
       ManifestResourceCompile:
         C:\Program Files (x86)\Microsoft SDKs\Windows\v7.0A\bin\rc.exe /nologo /fo"Debug\Leetcode exercise 2.exe.embed.manifest.res" "Debug\Leetcode exercise 2_manifest.rc" 
       Link:
         C:\Program Files (x86)\Microsoft Visual Studio 10.0\VC\bin\link.exe /ERRORREPORT:PROMPT /OUT:"F:\VC2010.program\Leetcode的git仓库\Leetcode\Leetcode exercise 2\Debug\Leetcode exercise 2.exe" /INCREMENTAL /NOLOGO kernel32.lib user32.lib gdi32.lib winspool.lib comdlg32.lib advapi32.lib shell32.lib ole32.lib oleaut32.lib uuid.lib odbc32.lib odbccp32.lib /MANIFEST /ManifestFile:"Debug\Leetcode exercise 2.exe.intermediate.manifest" /MANIFESTUAC:"level='asInvoker' uiAccess='false'" /DEBUG /PDB:"F:\VC2010.program\Leetcode的git仓库\Leetcode\Leetcode exercise 2\Debug\Leetcode exercise 2.pdb" /SUBSYSTEM:CONSOLE /TLBID:1 /DYNAMICBASE /NXCOMPAT /IMPLIB:"F:\VC2010.program\Leetcode的git仓库\Leetcode\Leetcode exercise 2\Debug\Leetcode exercise 2.lib" /MACHINE:X86 "Debug\Leetcode exercise 2.exe.embed.manifest.res"
         Debug\main.obj
       Manifest:
         C:\Program Files (x86)\Microsoft SDKs\Windows\v7.0A\bin\mt.exe /nologo /verbose /out:"Debug\Leetcode exercise 2.exe.embed.manifest" /manifest "Debug\Leetcode exercise 2.exe.intermediate.manifest"
         所有输出均为最新。
       LinkEmbedManifest:
         所有输出均为最新。
         Leetcode exercise 2.vcxproj -> F:\VC2010.program\Leetcode的git仓库\Leetcode\Leetcode exercise 2\Debug\Leetcode exercise 2.exe
       FinalizeBuildStatus:
         正在删除文件“Debug\Leetcode exercise 2.unsuccessfulbuild”。
         正在对“Debug\Leetcode exercise 2.lastbuildstate”执行 Touch 任务。
     1>已完成生成项目“F:\VC2010.program\Leetcode的git仓库\Leetcode\Leetcode exercise 2\Leetcode exercise 2\Leetcode exercise 2.vcxproj”(build 个目标)的操作。

生成成功。

已用时间 00:00:02.97
